<?xml version="1.0" encoding="utf-8"?><testsuites name="pytest tests"><testsuite name="pytest" errors="0" failures="0" skipped="0" tests="7" time="1.342" timestamp="2026-05-19T01:01:44.197764+00:00" hostname="agent-env-fad9e853-c7ef-4064-8e04-f685ff1d3880"><testcase classname="backend.tests.test_iter12_affiliate" name="test_products_list_count_and_no_example_com" time="0.262" /><testcase classname="backend.tests.test_iter12_affiliate" name="test_products_have_empty_affiliate_url" time="0.063" /><testcase classname="backend.tests.test_iter12_affiliate" name="test_top_picks_returns_8_priority_in_order" time="0.050" /><testcase classname="backend.tests.test_iter12_affiliate" name="test_admin_login_and_me" time="0.338" /><testcase classname="backend.tests.test_iter12_affiliate" name="test_admin_products_list" time="0.056" /><testcase classname="backend.tests.test_iter12_affiliate" name="test_admin_update_affiliate_url_and_revert" time="0.361" /><testcase classname="backend.tests.test_iter12_affiliate" name="test_categories_endpoint" time="0.053" /></testsuite></testsuites>