<?xml version="1.0" encoding="utf-8"?><testsuites name="pytest tests"><testsuite name="pytest" errors="0" failures="0" skipped="0" tests="3" time="1.120" timestamp="2026-05-19T03:26:52.044336+00:00" hostname="agent-env-fad9e853-c7ef-4064-8e04-f685ff1d3880"><testcase classname="backend.tests.test_iter13_admin_polish" name="test_admin_products_sorted_by_priority" time="0.419" /><testcase classname="backend.tests.test_iter13_admin_polish" name="test_partial_put_affiliate_url_preserves_other_fields" time="0.221" /><testcase classname="backend.tests.test_iter13_admin_polish" name="test_public_endpoints_no_regression" time="0.367" /></testsuite></testsuites>