<?xml version="1.0" encoding="utf-8"?><testsuites name="pytest tests"><testsuite name="pytest" errors="0" failures="0" skipped="0" tests="12" time="1.464" timestamp="2026-05-17T07:12:39.697115+00:00" hostname="agent-env-fad9e853-c7ef-4064-8e04-f685ff1d3880"><testcase classname="backend.tests.test_leads.TestLeadsCreate" name="test_post_lead_success" time="0.131" /><testcase classname="backend.tests.test_leads.TestLeadsCreate" name="test_post_lead_invalid_email_returns_422" time="0.047" /><testcase classname="backend.tests.test_leads.TestLeadsCreate" name="test_post_lead_missing_email_returns_422" time="0.049" /><testcase classname="backend.tests.test_leads.TestLeadsCreate" name="test_post_lead_email_only_minimal_payload" time="0.047" /><testcase classname="backend.tests.test_leads.TestLeadsAdmin" name="test_admin_leads_requires_auth" time="0.100" /><testcase classname="backend.tests.test_leads.TestLeadsAdmin" name="test_admin_leads_invalid_token" time="0.096" /><testcase classname="backend.tests.test_leads.TestLeadsAdmin" name="test_admin_leads_returns_created_lead" time="0.364" /><testcase classname="backend.tests.test_leads.TestLeadsAdmin" name="test_lead_also_added_to_subscribers" time="0.088" /><testcase classname="backend.tests.test_leads.TestLeadsAdmin" name="test_lead_subscriber_upsert_idempotent" time="0.135" /><testcase classname="backend.tests.test_leads.TestLeadsDelete" name="test_admin_delete_lead" time="0.179" /><testcase classname="backend.tests.test_leads.TestLeadsDelete" name="test_admin_delete_lead_unauth" time="0.105" /><testcase classname="backend.tests.test_leads.TestLeadsDelete" name="test_admin_delete_lead_not_found" time="0.045" /></testsuite></testsuites>