<?xml version="1.0" encoding="utf-8"?><testsuites name="pytest tests"><testsuite name="pytest" errors="0" failures="0" skipped="0" tests="27" time="3.690" timestamp="2026-05-17T06:32:26.415415+00:00" hostname="agent-env-fad9e853-c7ef-4064-8e04-f685ff1d3880"><testcase classname="backend.tests.backend_test.TestHealth" name="test_root" time="0.722" /><testcase classname="backend.tests.backend_test.TestCategories" name="test_list_categories_order" time="0.045" /><testcase classname="backend.tests.backend_test.TestPublicProducts" name="test_list_all_products" time="0.052" /><testcase classname="backend.tests.backend_test.TestPublicProducts" name="test_filter_by_category" time="0.045" /><testcase classname="backend.tests.backend_test.TestPublicProducts" name="test_search_keystone" time="0.044" /><testcase classname="backend.tests.backend_test.TestPublicProducts" name="test_search_case_insensitive" time="0.045" /><testcase classname="backend.tests.backend_test.TestPublicProducts" name="test_get_product_by_slug" time="0.045" /><testcase classname="backend.tests.backend_test.TestPublicProducts" name="test_get_product_not_found" time="0.044" /><testcase classname="backend.tests.backend_test.TestNewsletter" name="test_subscribe" time="0.047" /><testcase classname="backend.tests.backend_test.TestNewsletter" name="test_subscribe_idempotent" time="0.091" /><testcase classname="backend.tests.backend_test.TestContact" name="test_submit_contact" time="0.056" /><testcase classname="backend.tests.backend_test.TestAuth" name="test_login_success" time="0.268" /><testcase classname="backend.tests.backend_test.TestAuth" name="test_login_wrong_password" time="0.292" /><testcase classname="backend.tests.backend_test.TestAuth" name="test_login_unknown_email" time="0.043" /><testcase classname="backend.tests.backend_test.TestAuth" name="test_me_with_bearer" time="0.310" /><testcase classname="backend.tests.backend_test.TestAuth" name="test_me_no_token" time="0.158" /><testcase classname="backend.tests.backend_test.TestAuth" name="test_me_invalid_token" time="0.106" /><testcase classname="backend.tests.backend_test.TestAdminProducts" name="test_unauth_rejected" time="0.100" /><testcase classname="backend.tests.backend_test.TestAdminProducts" name="test_invalid_token_rejected" time="0.101" /><testcase classname="backend.tests.backend_test.TestAdminProducts" name="test_admin_list_products" time="0.053" /><testcase classname="backend.tests.backend_test.TestAdminProducts" name="test_admin_create_with_auto_slug" time="0.090" /><testcase classname="backend.tests.backend_test.TestAdminProducts" name="test_admin_update_product" time="0.184" /><testcase classname="backend.tests.backend_test.TestAdminProducts" name="test_admin_delete_product" time="0.132" /><testcase classname="backend.tests.backend_test.TestAdminSubscribersMessages" name="test_subscribers_unauth" time="0.154" /><testcase classname="backend.tests.backend_test.TestAdminSubscribersMessages" name="test_messages_unauth" time="0.148" /><testcase classname="backend.tests.backend_test.TestAdminSubscribersMessages" name="test_admin_subscribers_list" time="0.087" /><testcase classname="backend.tests.backend_test.TestAdminSubscribersMessages" name="test_admin_messages_list" time="0.091" /></testsuite></testsuites>