<?xml version="1.0" encoding="utf-8"?><testsuites name="pytest tests"><testsuite name="pytest" errors="0" failures="1" skipped="0" tests="36" time="14.005" timestamp="2026-05-18T22:46:16.429269+00:00" hostname="agent-env-fad9e853-c7ef-4064-8e04-f685ff1d3880"><testcase classname="backend.tests.test_top_picks.TestTopPicksList" name="test_top_picks_returns_exactly_8" time="0.172" /><testcase classname="backend.tests.test_top_picks.TestTopPicksList" name="test_top_picks_sorted_priority_asc" time="0.051" /><testcase classname="backend.tests.test_top_picks.TestTopPicksList" name="test_top_picks_titles_match_priority_list" time="0.053" /><testcase classname="backend.tests.test_top_picks.TestTopPicksList" name="test_top_picks_includes_renamed_energy_guide" time="0.050" /><testcase classname="backend.tests.test_top_picks.TestProductsBackwardCompat" name="test_all_products_still_20" time="0.058" /><testcase classname="backend.tests.test_top_picks.TestProductsBackwardCompat" name="test_top_picks_with_category_filter" time="0.050" /><testcase classname="backend.tests.test_top_picks.TestAdminPriorityOrder" name="test_admin_list_has_priority_order" time="0.337"><failure message="AssertionError: priority_order missing for The Encyclopedia of Power Foods&#10;assert 'priority_order' in {'affiliate_url': 'https://example.com/affiliate/encyclopedia-of-power-foods', 'badges': [], 'benefits': ['200+ power foods catalogued', 'Meal pairing principles', 'Healing protocols by goal', 'Beautiful, designer-quality format'], 'category': 'fitness-nutrition', ...}">backend/tests/test_top_picks.py:113: in test_admin_list_has_priority_order
    assert "priority_order" in p, f"priority_order missing for {p.get('title')}"
E   AssertionError: priority_order missing for The Encyclopedia of Power Foods
E   assert 'priority_order' in {'affiliate_url': 'https://example.com/affiliate/encyclopedia-of-power-foods', 'badges': [], 'benefits': ['200+ power foods catalogued', 'Meal pairing principles', 'Healing protocols by goal', 'Beautiful, designer-quality format'], 'category': 'fitness-nutrition', ...}</failure></testcase><testcase classname="backend.tests.test_top_picks.TestAdminPriorityOrder" name="test_admin_create_and_update_priority_order" time="9.211" /><testcase classname="backend.tests.test_top_picks.TestMigrationIdempotency" name="test_repeated_calls_return_same_order" time="0.666" /><testcase classname="backend.tests.backend_test.TestHealth" name="test_root" time="0.165" /><testcase classname="backend.tests.backend_test.TestCategories" name="test_list_categories_order" time="0.058" /><testcase classname="backend.tests.backend_test.TestPublicProducts" name="test_list_all_products" time="0.059" /><testcase classname="backend.tests.backend_test.TestPublicProducts" name="test_filter_by_category" time="0.046" /><testcase classname="backend.tests.backend_test.TestPublicProducts" name="test_search_keystone" time="0.047" /><testcase classname="backend.tests.backend_test.TestPublicProducts" name="test_search_case_insensitive" time="0.046" /><testcase classname="backend.tests.backend_test.TestPublicProducts" name="test_get_product_by_slug" time="0.057" /><testcase classname="backend.tests.backend_test.TestPublicProducts" name="test_get_product_not_found" time="0.048" /><testcase classname="backend.tests.backend_test.TestNewsletter" name="test_subscribe" time="0.054" /><testcase classname="backend.tests.backend_test.TestNewsletter" name="test_subscribe_idempotent" time="0.092" /><testcase classname="backend.tests.backend_test.TestContact" name="test_submit_contact" time="0.049" /><testcase classname="backend.tests.backend_test.TestAuth" name="test_login_success" time="0.267" /><testcase classname="backend.tests.backend_test.TestAuth" name="test_login_wrong_password" time="0.270" /><testcase classname="backend.tests.backend_test.TestAuth" name="test_login_unknown_email" time="0.052" /><testcase classname="backend.tests.backend_test.TestAuth" name="test_me_with_bearer" time="0.322" /><testcase classname="backend.tests.backend_test.TestAuth" name="test_me_no_token" time="0.111" /><testcase classname="backend.tests.backend_test.TestAuth" name="test_me_invalid_token" time="0.169" /><testcase classname="backend.tests.backend_test.TestAdminProducts" name="test_unauth_rejected" time="0.109" /><testcase classname="backend.tests.backend_test.TestAdminProducts" name="test_invalid_token_rejected" time="0.109" /><testcase classname="backend.tests.backend_test.TestAdminProducts" name="test_admin_list_products" time="0.052" /><testcase classname="backend.tests.backend_test.TestAdminProducts" name="test_admin_create_with_auto_slug" time="0.099" /><testcase classname="backend.tests.backend_test.TestAdminProducts" name="test_admin_update_product" time="0.197" /><testcase classname="backend.tests.backend_test.TestAdminProducts" name="test_admin_delete_product" time="0.191" /><testcase classname="backend.tests.backend_test.TestAdminSubscribersMessages" name="test_subscribers_unauth" time="0.144" /><testcase classname="backend.tests.backend_test.TestAdminSubscribersMessages" name="test_messages_unauth" time="0.150" /><testcase classname="backend.tests.backend_test.TestAdminSubscribersMessages" name="test_admin_subscribers_list" time="0.095" /><testcase classname="backend.tests.backend_test.TestAdminSubscribersMessages" name="test_admin_messages_list" time="0.094" /></testsuite></testsuites>